# JRE version: OpenJDK Runtime Environment (8.0_242) (build 1.8.0_242-release-1644-b3-6222593)
# Java VM: OpenJDK 64-Bit Server VM (25.242-b3-6222593 mixed mode linux-amd64 compressed oops)
Heap:
 PSYoungGen      total 207872K, used 13809K [0x00000000d5580000, 0x00000000e2e00000, 0x0000000100000000)
  eden space 194048K, 0% used [0x00000000d5580000,0x00000000d5580000,0x00000000e1300000)
  from space 13824K, 99% used [0x00000000e1300000,0x00000000e207c770,0x00000000e2080000)
  to   space 12288K, 0% used [0x00000000e2200000,0x00000000e2200000,0x00000000e2e00000)
 ParOldGen       total 53760K, used 26221K [0x0000000080000000, 0x0000000083480000, 0x00000000d5580000)
  object space 53760K, 48% used [0x0000000080000000,0x000000008199b590,0x0000000083480000)
 Metaspace       used 51859K, capacity 53748K, committed 53800K, reserved 1095680K
  class space    used 7026K, capacity 7469K, committed 7472K, reserved 1048576K
GC Heap History (10 events):
Event: 10.746 GC heap after
Heap after GC invocations=6 (full 0):
 PSYoungGen      total 132608K, used 6351K [0x00000000d5580000, 0x00000000de080000, 0x0000000100000000)
  eden space 122880K, 0% used [0x00000000d5580000,0x00000000d5580000,0x00000000dcd80000)
  from space 9728K, 65% used [0x00000000dd700000,0x00000000ddd33ec8,0x00000000de080000)
  to   space 9728K, 0% used [0x00000000dcd80000,0x00000000dcd80000,0x00000000dd700000)
 ParOldGen       total 40960K, used 12047K [0x0000000080000000, 0x0000000082800000, 0x00000000d5580000)
  object space 40960K, 29% used [0x0000000080000000,0x0000000080bc3fc0,0x0000000082800000)
 Metaspace       used 20595K, capacity 21226K, committed 21296K, reserved 1067008K
  class space    used 2890K, capacity 3083K, committed 3120K, reserved 1048576K
}
Event: 10.746 GC heap before
{Heap before GC invocations=7 (full 1):
 PSYoungGen      total 132608K, used 6351K [0x00000000d5580000, 0x00000000de080000, 0x0000000100000000)
  eden space 122880K, 0% used [0x00000000d5580000,0x00000000d5580000,0x00000000dcd80000)
  from space 9728K, 65% used [0x00000000dd700000,0x00000000ddd33ec8,0x00000000de080000)
  to   space 9728K, 0% used [0x00000000dcd80000,0x00000000dcd80000,0x00000000dd700000)
 ParOldGen       total 40960K, used 12047K [0x0000000080000000, 0x0000000082800000, 0x00000000d5580000)
  object space 40960K, 29% used [0x0000000080000000,0x0000000080bc3fc0,0x0000000082800000)
 Metaspace       used 20595K, capacity 21226K, committed 21296K, reserved 1067008K
  class space    used 2890K, capacity 3083K, committed 3120K, reserved 1048576K
Event: 10.812 GC heap after
Heap after GC invocations=7 (full 1):
 PSYoungGen      total 132608K, used 0K [0x00000000d5580000, 0x00000000de080000, 0x0000000100000000)
  eden space 122880K, 0% used [0x00000000d5580000,0x00000000d5580000,0x00000000dcd80000)
  from space 9728K, 0% used [0x00000000dd700000,0x00000000dd700000,0x00000000de080000)
  to   space 9728K, 0% used [0x00000000dcd80000,0x00000000dcd80000,0x00000000dd700000)
 ParOldGen       total 41472K, used 13900K [0x0000000080000000, 0x0000000082880000, 0x00000000d5580000)
  object space 41472K, 33% used [0x0000000080000000,0x0000000080d93158,0x0000000082880000)
 Metaspace       used 20595K, capacity 21226K, committed 21296K, reserved 1067008K
  class space    used 2890K, capacity 3083K, committed 3120K, reserved 1048576K
}
Event: 16.154 GC heap before
{Heap before GC invocations=8 (full 1):
 PSYoungGen      total 132608K, used 122880K [0x00000000d5580000, 0x00000000de080000, 0x0000000100000000)
  eden space 122880K, 100% used [0x00000000d5580000,0x00000000dcd80000,0x00000000dcd80000)
  from space 9728K, 0% used [0x00000000dd700000,0x00000000dd700000,0x00000000de080000)
  to   space 9728K, 0% used [0x00000000dcd80000,0x00000000dcd80000,0x00000000dd700000)
 ParOldGen       total 41472K, used 13900K [0x0000000080000000, 0x0000000082880000, 0x00000000d5580000)
  object space 41472K, 33% used [0x0000000080000000,0x0000000080d93158,0x0000000082880000)
 Metaspace       used 31909K, capacity 32694K, committed 32816K, reserved 1077248K
  class space    used 4357K, capacity 4576K, committed 4656K, reserved 1048576K
Event: 16.174 GC heap after
Heap after GC invocations=8 (full 1):
 PSYoungGen      total 132608K, used 9710K [0x00000000d5580000, 0x00000000e2f00000, 0x0000000100000000)
  eden space 122880K, 0% used [0x00000000d5580000,0x00000000d5580000,0x00000000dcd80000)
  from space 9728K, 99% used [0x00000000dcd80000,0x00000000dd6fba30,0x00000000dd700000)
  to   space 13312K, 0% used [0x00000000e2200000,0x00000000e2200000,0x00000000e2f00000)
 ParOldGen       total 41472K, used 17201K [0x0000000080000000, 0x0000000082880000, 0x00000000d5580000)
  object space 41472K, 41% used [0x0000000080000000,0x00000000810cc730,0x0000000082880000)
 Metaspace       used 31909K, capacity 32694K, committed 32816K, reserved 1077248K
  class space    used 4357K, capacity 4576K, committed 4656K, reserved 1048576K
}
Event: 21.409 GC heap before
{Heap before GC invocations=9 (full 1):
 PSYoungGen      total 132608K, used 65637K [0x00000000d5580000, 0x00000000e2f00000, 0x0000000100000000)
  eden space 122880K, 45% used [0x00000000d5580000,0x00000000d8c1daa0,0x00000000dcd80000)
  from space 9728K, 99% used [0x00000000dcd80000,0x00000000dd6fba30,0x00000000dd700000)
  to   space 13312K, 0% used [0x00000000e2200000,0x00000000e2200000,0x00000000e2f00000)
 ParOldGen       total 41472K, used 17201K [0x0000000080000000, 0x0000000082880000, 0x00000000d5580000)
  object space 41472K, 41% used [0x0000000080000000,0x00000000810cc730,0x0000000082880000)
 Metaspace       used 34561K, capacity 35384K, committed 35496K, reserved 1079296K
  class space    used 4735K, capacity 4977K, committed 5040K, reserved 1048576K
Event: 21.444 GC heap after
Heap after GC invocations=9 (full 1):
 PSYoungGen      total 206336K, used 9750K [0x00000000d5580000, 0x00000000e2e00000, 0x0000000100000000)
  eden space 194048K, 0% used [0x00000000d5580000,0x00000000d5580000,0x00000000e1300000)
  from space 12288K, 79% used [0x00000000e2200000,0x00000000e2b85950,0x00000000e2e00000)
  to   space 13824K, 0% used [0x00000000e1300000,0x00000000e1300000,0x00000000e2080000)
 ParOldGen       total 41472K, used 17209K [0x0000000080000000, 0x0000000082880000, 0x00000000d5580000)
  object space 41472K, 41% used [0x0000000080000000,0x00000000810ce730,0x0000000082880000)
 Metaspace       used 34561K, capacity 35384K, committed 35496K, reserved 1079296K
  class space    used 4735K, capacity 4977K, committed 5040K, reserved 1048576K
}
Event: 21.444 GC heap before
{Heap before GC invocations=10 (full 2):
 PSYoungGen      total 206336K, used 9750K [0x00000000d5580000, 0x00000000e2e00000, 0x0000000100000000)
  eden space 194048K, 0% used [0x00000000d5580000,0x00000000d5580000,0x00000000e1300000)
  from space 12288K, 79% used [0x00000000e2200000,0x00000000e2b85950,0x00000000e2e00000)
  to   space 13824K, 0% used [0x00000000e1300000,0x00000000e1300000,0x00000000e2080000)
 ParOldGen       total 41472K, used 17209K [0x0000000080000000, 0x0000000082880000, 0x00000000d5580000)
  object space 41472K, 41% used [0x0000000080000000,0x00000000810ce730,0x0000000082880000)
 Metaspace       used 34561K, capacity 35384K, committed 35496K, reserved 1079296K
  class space    used 4735K, capacity 4977K, committed 5040K, reserved 1048576K
Event: 21.533 GC heap after
Heap after GC invocations=10 (full 2):
 PSYoungGen      total 206336K, used 0K [0x00000000d5580000, 0x00000000e2e00000, 0x0000000100000000)
  eden space 194048K, 0% used [0x00000000d5580000,0x00000000d5580000,0x00000000e1300000)
  from space 12288K, 0% used [0x00000000e2200000,0x00000000e2200000,0x00000000e2e00000)
  to   space 13824K, 0% used [0x00000000e1300000,0x00000000e1300000,0x00000000e2080000)
 ParOldGen       total 53760K, used 16352K [0x0000000080000000, 0x0000000083480000, 0x00000000d5580000)
  object space 53760K, 30% used [0x0000000080000000,0x0000000080ff82b0,0x0000000083480000)
 Metaspace       used 34561K, capacity 35384K, committed 35496K, reserved 1079296K
  class space    used 4735K, capacity 4977K, committed 5040K, reserved 1048576K
}
Event: 128.608 GC heap before
{Heap before GC invocations=11 (full 2):
 PSYoungGen      total 206336K, used 194048K [0x00000000d5580000, 0x00000000e2e00000, 0x0000000100000000)
  eden space 194048K, 100% used [0x00000000d5580000,0x00000000e1300000,0x00000000e1300000)
  from space 12288K, 0% used [0x00000000e2200000,0x00000000e2200000,0x00000000e2e00000)
  to   space 13824K, 0% used [0x00000000e1300000,0x00000000e1300000,0x00000000e2080000)
 ParOldGen       total 53760K, used 16352K [0x0000000080000000, 0x0000000083480000, 0x00000000d5580000)
  object space 53760K, 30% used [0x0000000080000000,0x0000000080ff82b0,0x0000000083480000)
 Metaspace       used 51859K, capacity 53748K, committed 53800K, reserved 1095680K
  class space    used 7026K, capacity 7469K, committed 7472K, reserved 1048576K

